[    0.000000] Initializing cgroup subsys cpuset
[    0.000000] Initializing cgroup subsys cpu
[    0.000000] Initializing cgroup subsys cpuacct
[    0.000000] Linux version 4.4.0-108-generic (buildd@lgw01-amd64-003) (gcc version 5.4.0 20160609 (Ubuntu 5.4.0-6ubuntu1~16.04.5) ) #131-Ubuntu SMP Sun Jan 7 14:34:49 UTC 2018 (Ubuntu 4.4.0-108.131-generic 4.4.98)
[    0.000000] Command line: BOOT_IMAGE=/boot/vmlinuz-4.4.0-108-generic root=LABEL=cloudimg-rootfs ro console=tty1 console=ttyS0
[    0.000000] KERNEL supported cpus:
[    0.000000]   Intel GenuineIntel
[    0.000000]   AMD AuthenticAMD
[    0.000000]   Centaur CentaurHauls
[    0.000000] ------------[ cut here ]------------
[    0.000000] WARNING: CPU: 0 PID: 0 at /build/linux-J4_1pC/linux-4.4.0/arch/x86/kernel/fpu/xstate.c:517 fpu__init_system_xstate+0x38b/0x75a()
[    0.000000] XSAVE consistency problem, dumping leaves
[    0.000000] Modules linked in:
[    0.000000] CPU: 0 PID: 0 Comm: swapper Not tainted 4.4.0-108-generic #131-Ubuntu
[    0.000000]  0000000000000086 8851b8ad9959072b ffffffff81e03d80 ffffffff813fbb03
[    0.000000]  ffffffff81e03dc8 ffffffff81caac68 ffffffff81e03db8 ffffffff81081e52
[    0.000000]  ffffffff81e03e48 ffffffff81e03e4c 0000000000000008 0000000000000100
[    0.000000] Call Trace:
[    0.000000]  [<ffffffff813fbb03>] dump_stack+0x63/0x90
[    0.000000]  [<ffffffff81081e52>] warn_slowpath_common+0x82/0xc0
[    0.000000]  [<ffffffff81081eec>] warn_slowpath_fmt+0x5c/0x80
[    0.000000]  [<ffffffff8107daf0>] ? xfeature_size+0x59/0x77
[    0.000000]  [<ffffffff81f72275>] fpu__init_system_xstate+0x38b/0x75a
[    0.000000]  [<ffffffff81f62120>] ? early_idt_handler_array+0x120/0x120
[    0.000000]  [<ffffffff81f71be0>] fpu__init_system+0x10d/0x245
[    0.000000]  [<ffffffff81f72ce9>] early_cpu_init+0x139/0x13e
[    0.000000]  [<ffffffff81f72ce9>] ? early_cpu_init+0x139/0x13e
[    0.000000]  [<ffffffff81f6e19b>] setup_arch+0xb4/0xcfb
[    0.000000]  [<ffffffff81f62120>] ? early_idt_handler_array+0x120/0x120
[    0.000000]  [<ffffffff81f62c74>] start_kernel+0xe4/0x4a7
[    0.000000]  [<ffffffff81f62120>] ? early_idt_handler_array+0x120/0x120
[    0.000000]  [<ffffffff81f62339>] x86_64_start_reservations+0x2a/0x2c
[    0.000000]  [<ffffffff81f62485>] x86_64_start_kernel+0x14a/0x16d
[    0.000000] ---[ end trace 4d5ff9f2f68c4233 ]---
[    0.000000] CPUID[0d, 00]: eax=00000007 ebx=00000440 ecx=00000440 edx=00000000
[    0.000000] CPUID[0d, 01]: eax=00000000 ebx=000003c0 ecx=00000000 edx=00000000
[    0.000000] CPUID[0d, 02]: eax=00000100 ebx=00000240 ecx=00000000 edx=00000000
[    0.000000] CPUID[0d, 03]: eax=00000000 ebx=00000000 ecx=00000000 edx=00000000
[    0.000000] CPUID[0d, 04]: eax=00000000 ebx=00000000 ecx=00000000 edx=00000000
[    0.000000] CPUID[0d, 05]: eax=00000000 ebx=00000000 ecx=00000000 edx=00000000
[    0.000000] CPUID[0d, 06]: eax=00000000 ebx=00000000 ecx=00000000 edx=00000000
[    0.000000] CPUID[0d, 07]: eax=00000000 ebx=00000000 ecx=00000000 edx=00000000
[    0.000000] CPUID[0d, 08]: eax=00000000 ebx=00000000 ecx=00000000 edx=00000000
[    0.000000] CPUID[0d, 09]: eax=00000000 ebx=00000000 ecx=00000000 edx=00000000
[    0.000000] CPUID[0d, 0a]: eax=00000000 ebx=00000000 ecx=00000000 edx=00000000
[    0.000000] CPUID[0d, 0b]: eax=00000000 ebx=00000000 ecx=00000000 edx=00000000
[    0.000000] CPUID[0d, 0c]: eax=00000000 ebx=00000000 ecx=00000000 edx=00000000
[    0.000000] CPUID[0d, 0d]: eax=00000000 ebx=00000000 ecx=00000000 edx=00000000
[    0.000000] CPUID[0d, 0e]: eax=00000000 ebx=00000000 ecx=00000000 edx=00000000
[    0.000000] CPUID[0d, 0f]: eax=00000000 ebx=00000000 ecx=00000000 edx=00000000
[    0.000000] CPUID[0d, 10]: eax=00000000 ebx=00000000 ecx=00000000 edx=00000000
[    0.000000] CPUID[0d, 11]: eax=00000000 ebx=00000000 ecx=00000000 edx=00000000
[    0.000000] x86/fpu: xstate_offset[2]:  576, xstate_sizes[2]:  256
[    0.000000] x86/fpu: Supporting XSAVE feature 0x01: 'x87 floating point registers'
[    0.000000] x86/fpu: Supporting XSAVE feature 0x02: 'SSE registers'
[    0.000000] x86/fpu: Supporting XSAVE feature 0x04: 'AVX registers'
[    0.000000] x86/fpu: Enabled xstate features 0x7, context size is 1088 bytes, using 'standard' format.
[    0.000000] x86/fpu: Using 'lazy' FPU context switches.
[    0.000000] e820: BIOS-provided physical RAM map:
[    0.000000] BIOS-e820: [mem 0x0000000000000000-0x000000000009fbff] usable
[    0.000000] BIOS-e820: [mem 0x000000000009fc00-0x000000000009ffff] reserved
[    0.000000] BIOS-e820: [mem 0x00000000000f0000-0x00000000000fffff] reserved
[    0.000000] BIOS-e820: [mem 0x0000000000100000-0x000000003ffeffff] usable
[    0.000000] BIOS-e820: [mem 0x000000003fff0000-0x000000003fffffff] ACPI data
[    0.000000] BIOS-e820: [mem 0x00000000fec00000-0x00000000fec00fff] reserved
[    0.000000] BIOS-e820: [mem 0x00000000fee00000-0x00000000fee00fff] reserved
[    0.000000] BIOS-e820: [mem 0x00000000fffc0000-0x00000000ffffffff] reserved
[    0.000000] NX (Execute Disable) protection: active
[    0.000000] SMBIOS 2.5 present.
[    0.000000] Hypervisor detected: KVM
[    0.000000] e820: last_pfn = 0x3fff0 max_arch_pfn = 0x400000000
[    0.000000] MTRR: Disabled
[    0.000000] x86/PAT: MTRRs disabled, skipping PAT initialization too.
[    0.000000] CPU MTRRs all blank - virtualized system.
[    0.000000] x86/PAT: Configuration [0-7]: WB  WT  UC- UC  WB  WT  UC- UC  
[    0.000000] found SMP MP-table at [mem 0x0009fff0-0x0009ffff] mapped at [ffff88000009fff0]
[    0.000000] Scanning 1 areas for low memory corruption
[    0.000000] RAMDISK: [mem 0x36adc000-0x37565fff]
[    0.000000] ACPI: Early table checksum verification disabled
[    0.000000] ACPI: RSDP 0x00000000000E0000 000024 (v02 VBOX  )
[    0.000000] ACPI: XSDT 0x000000003FFF0030 00003C (v01 VBOX   VBOXXSDT 00000001 ASL  00000061)
[    0.000000] ACPI: FACP 0x000000003FFF00F0 0000F4 (v04 VBOX   VBOXFACP 00000001 ASL  00000061)
[    0.000000] ACPI: DSDT 0x000000003FFF0470 0021FF (v02 VBOX   VBOXBIOS 00000002 INTL 20170728)
[    0.000000] ACPI: FACS 0x000000003FFF0200 000040
[    0.000000] ACPI: FACS 0x000000003FFF0200 000040
[    0.000000] ACPI: APIC 0x000000003FFF0240 00005C (v02 VBOX   VBOXAPIC 00000001 ASL  00000061)
[    0.000000] ACPI: SSDT 0x000000003FFF02A0 0001CC (v01 VBOX   VBOXCPUT 00000002 INTL 20170728)
[    0.000000] No NUMA configuration found
[    0.000000] Faking a node at [mem 0x0000000000000000-0x000000003ffeffff]
[    0.000000] NODE_DATA(0) allocated [mem 0x3ffeb000-0x3ffeffff]
[    0.000000] kvm-clock: Using msrs 4b564d01 and 4b564d00
[    0.000000] kvm-clock: cpu 0, msr 0:3ffe3001, primary cpu clock
[    0.000000] kvm-clock: using sched offset of 2935114166 cycles
[    0.000000] clocksource: kvm-clock: mask: 0xffffffffffffffff max_cycles: 0x1cd42e4dffb, max_idle_ns: 881590591483 ns
[    0.000000] Zone ranges:
[    0.000000]   DMA      [mem 0x0000000000001000-0x0000000000ffffff]
[    0.000000]   DMA32    [mem 0x0000000001000000-0x000000003ffeffff]
[    0.000000]   Normal   empty
[    0.000000]   Device   empty
[    0.000000] Movable zone start for each node
[    0.000000] Early memory node ranges
[    0.000000]   node   0: [mem 0x0000000000001000-0x000000000009efff]
[    0.000000]   node   0: [mem 0x0000000000100000-0x000000003ffeffff]
[    0.000000] Initmem setup node 0 [mem 0x0000000000001000-0x000000003ffeffff]
[    0.000000] ACPI: PM-Timer IO Port: 0x4008
[    0.000000] IOAPIC[0]: apic_id 2, version 32, address 0xfec00000, GSI 0-23
[    0.000000] ACPI: INT_SRC_OVR (bus 0 bus_irq 0 global_irq 2 dfl dfl)
[    0.000000] ACPI: INT_SRC_OVR (bus 0 bus_irq 9 global_irq 9 high level)
[    0.000000] Using ACPI (MADT) for SMP configuration information
[    0.000000] smpboot: Allowing 2 CPUs, 0 hotplug CPUs
[    0.000000] PM: Registered nosave memory: [mem 0x00000000-0x00000fff]
[    0.000000] PM: Registered nosave memory: [mem 0x0009f000-0x0009ffff]
[    0.000000] PM: Registered nosave memory: [mem 0x000a0000-0x000effff]
[    0.000000] PM: Registered nosave memory: [mem 0x000f0000-0x000fffff]
[    0.000000] e820: [mem 0x40000000-0xfebfffff] available for PCI devices
[    0.000000] Booting paravirtualized kernel on KVM
[    0.000000] clocksource: refined-jiffies: mask: 0xffffffff max_cycles: 0xffffffff, max_idle_ns: 7645519600211568 ns
[    0.000000] setup_percpu: NR_CPUS:512 nr_cpumask_bits:512 nr_cpu_ids:2 nr_node_ids:1
[    0.000000] PERCPU: Embedded 34 pages/cpu @ffff88003fc00000 s99544 r8192 d31528 u1048576
[    0.000000] PV qspinlock hash table entries: 256 (order: 0, 4096 bytes)
[    0.000000] Built 1 zonelists in Node order, mobility grouping on.  Total pages: 257913
[    0.000000] Policy zone: DMA32
[    0.000000] Kernel command line: BOOT_IMAGE=/boot/vmlinuz-4.4.0-108-generic root=LABEL=cloudimg-rootfs ro console=tty1 console=ttyS0
[    0.000000] PID hash table entries: 4096 (order: 3, 32768 bytes)
[    0.000000] Memory: 1001740K/1048120K available (8485K kernel code, 1308K rwdata, 3988K rodata, 1508K init, 1316K bss, 46380K reserved, 0K cma-reserved)
[    0.000000] SLUB: HWalign=64, Order=0-3, MinObjects=0, CPUs=2, Nodes=1
[    0.000000] Kernel/User page tables isolation: enabled
[    0.000000] Hierarchical RCU implementation.
[    0.000000] 	Build-time adjustment of leaf fanout to 64.
[    0.000000] 	RCU restricting CPUs from NR_CPUS=512 to nr_cpu_ids=2.
[    0.000000] RCU: Adjusting geometry for rcu_fanout_leaf=64, nr_cpu_ids=2
[    0.000000] NR_IRQS:33024 nr_irqs:440 16
[    0.000000] Console: colour VGA+ 80x25
[    0.000000] console [tty1] enabled
[    0.000000] console [ttyS0] enabled
[    0.000000] tsc: Detected 4008.000 MHz processor
[    3.627598] Calibrating delay loop (skipped) preset value.. 8016.00 BogoMIPS (lpj=16032000)
[    3.628752] pid_max: default: 32768 minimum: 301
[    3.629368] ACPI: Core revision 20150930
[    3.630611] ACPI: 2 ACPI AML tables successfully acquired and loaded
[    3.662091] Security Framework initialized
[    3.662670] Yama: becoming mindful.
[    3.663185] AppArmor: AppArmor initialized
[    3.663806] Dentry cache hash table entries: 131072 (order: 8, 1048576 bytes)
[    3.665065] Inode-cache hash table entries: 65536 (order: 7, 524288 bytes)
[    3.762339] Mount-cache hash table entries: 2048 (order: 2, 16384 bytes)
[    3.763171] Mountpoint-cache hash table entries: 2048 (order: 2, 16384 bytes)
[    3.764126] Initializing cgroup subsys io
[    3.764693] Initializing cgroup subsys memory
[    3.765280] Initializing cgroup subsys devices
[    3.765882] Initializing cgroup subsys freezer
[    3.766482] Initializing cgroup subsys net_cls
[    3.767083] Initializing cgroup subsys perf_event
[    3.767708] Initializing cgroup subsys net_prio
[    3.768313] Initializing cgroup subsys hugetlb
[    3.768912] Initializing cgroup subsys pids
[    3.769544] CPU: Physical Processor ID: 0
[    3.770097] CPU: Processor Core ID: 0
[    3.771501] mce: CPU supports 0 MCE banks
[    3.772069] Last level iTLB entries: 4KB 64, 2MB 8, 4MB 8
[    3.772761] Last level dTLB entries: 4KB 64, 2MB 0, 4MB 0, 1GB 4
[    3.774900] Freeing SMP alternatives memory: 32K
[    3.788184] ftrace: allocating 32171 entries in 126 pages
[    3.817318] smpboot: APIC(0) Converting physical 0 to logical package 0
[    3.819225] smpboot: Max logical packages: 1
[    3.820003] x2apic enabled
[    3.820603] Switched APIC routing to physical x2apic.
[    3.822072] ..TIMER: vector=0x30 apic1=0 pin1=2 apic2=-1 pin2=-1
[    3.930716] smpboot: CPU0: Intel(R) Core(TM) i7-6700K CPU @ 4.00GHz (family: 0x6, model: 0x5e, stepping: 0x3)
[    3.932112] Performance Events: unsupported p6 CPU model 94 no PMU driver, software events only.
[    3.933365] KVM setup paravirtual spinlock
[    3.934427] x86: Booting SMP configuration:
[    3.935021] .... node  #0, CPUs:      #1
[    3.935660] kvm-clock: cpu 1, msr 0:3ffe3041, secondary cpu clock
[    3.938795] mce: CPU supports 0 MCE banks
[    3.941077] x86: Booted up 1 node, 2 CPUs
[    3.941777] smpboot: Total of 2 processors activated (16032.00 BogoMIPS)
[    3.942843] devtmpfs: initialized
[    3.946926] evm: security.selinux
[    3.947419] evm: security.SMACK64
[    3.948961] evm: security.SMACK64EXEC
[    3.949493] evm: security.SMACK64TRANSMUTE
[    3.950053] evm: security.SMACK64MMAP
[    3.950577] evm: security.ima
[    3.951037] evm: security.capability
[    3.951698] clocksource: jiffies: mask: 0xffffffff max_cycles: 0xffffffff, max_idle_ns: 7645041785100000 ns
[    3.954029] futex hash table entries: 512 (order: 3, 32768 bytes)
[    3.954884] pinctrl core: initialized pinctrl subsystem
[    3.955635] RTC time:  8:20:14, date: 01/12/18
[    3.956354] NET: Registered protocol family 16
[    3.967057] cpuidle: using governor ladder
[    3.978464] cpuidle: using governor menu
[    3.979021] PCCT header not found.
[    3.979559] ACPI: bus type PCI registered
[    3.980114] acpiphp: ACPI Hot Plug PCI Controller Driver version: 0.5
[    3.980966] PCI: Using configuration type 1 for base access
[    3.991073] ACPI: Added _OSI(Module Device)
[    3.994550] ACPI: Added _OSI(Processor Device)
[    3.995154] ACPI: Added _OSI(3.0 _SCP Extensions)
[    3.995780] ACPI: Added _OSI(Processor Aggregator Device)
[    3.996929] ACPI: Executed 1 blocks of module-level executable AML code
[    3.999127] ACPI: Interpreter enabled
[    4.001486] ACPI: (supports S0 S5)
[    4.001981] ACPI: Using IOAPIC for interrupt routing
[    4.002727] PCI: Using host bridge windows from ACPI; if necessary, use "pci=nocrs" and report a bug
[    4.006158] ACPI: PCI Root Bridge [PCI0] (domain 0000 [bus 00-ff])
[    4.008022] acpi PNP0A03:00: _OSC: OS supports [ASPM ClockPM Segments MSI]
[    4.008866] acpi PNP0A03:00: _OSC: not requesting OS control; OS requires [ExtendedConfig ASPM ClockPM MSI]
[    4.010118] acpi PNP0A03:00: fail to add MMCONFIG information, can't access extended PCI configuration space under this bridge.
[    4.011700] PCI host bridge to bus 0000:00
[    4.013671] pci_bus 0000:00: root bus resource [io  0x0000-0x0cf7 window]
[    4.014495] pci_bus 0000:00: root bus resource [io  0x0d00-0xffff window]
[    4.015323] pci_bus 0000:00: root bus resource [mem 0x000a0000-0x000bffff window]
[    4.016348] pci_bus 0000:00: root bus resource [mem 0x40000000-0xffdfffff window]
[    4.017376] pci_bus 0000:00: root bus resource [bus 00-ff]
[    4.019020] pci 0000:00:01.1: legacy IDE quirk: reg 0x10: [io  0x01f0-0x01f7]
[    4.022038] pci 0000:00:01.1: legacy IDE quirk: reg 0x14: [io  0x03f6]
[    4.022835] pci 0000:00:01.1: legacy IDE quirk: reg 0x18: [io  0x0170-0x0177]
[    4.023703] pci 0000:00:01.1: legacy IDE quirk: reg 0x1c: [io  0x0376]
[    4.032824] pci 0000:00:07.0: quirk: [io  0x4000-0x403f] claimed by PIIX4 ACPI
[    4.046395] pci 0000:00:07.0: quirk: [io  0x4100-0x410f] claimed by PIIX4 SMB
[    4.049983] ACPI: PCI Interrupt Link [LNKA] (IRQs 5 9 10 *11)
[    4.089471] ACPI: PCI Interrupt Link [LNKB] (IRQs 5 9 10 *11)
[    4.090510] ACPI: PCI Interrupt Link [LNKC] (IRQs 5 9 *10 11)
[    4.091550] ACPI: PCI Interrupt Link [LNKD] (IRQs 5 *9 10 11)
[    4.092607] ACPI: Enabled 2 GPEs in block 00 to 07
[    4.093553] vgaarb: setting as boot device: PCI:0000:00:02.0
[    4.137098] vgaarb: device added: PCI:0000:00:02.0,decodes=io+mem,owns=io+mem,locks=none
[    4.138193] vgaarb: loaded
[    4.138633] vgaarb: bridge control possible 0000:00:02.0
[    4.139497] SCSI subsystem initialized
[    4.140134] ACPI: bus type USB registered
[    4.140714] usbcore: registered new interface driver usbfs
[    4.141420] usbcore: registered new interface driver hub
[    4.142112] usbcore: registered new device driver usb
[    4.143321] PCI: Using ACPI for IRQ routing
[    4.145131] NetLabel: Initializing
[    4.145638] NetLabel:  domain hash size = 128
[    4.146224] NetLabel:  protocols = UNLABELED CIPSOv4
[    4.146885] NetLabel:  unlabeled traffic allowed by default
[    4.147706] amd_nb: Cannot enumerate AMD northbridges
[    4.148410] clocksource: Switched to clocksource kvm-clock
[    4.153517] AppArmor: AppArmor Filesystem Enabled
[    4.155228] pnp: PnP ACPI init
[    4.156158] pnp: PnP ACPI: found 3 devices
[    4.259119] clocksource: acpi_pm: mask: 0xffffff max_cycles: 0xffffff, max_idle_ns: 2085701024 ns
[    4.507155] NET: Registered protocol family 2
[    4.630281] TCP established hash table entries: 8192 (order: 4, 65536 bytes)
[    4.844937] TCP bind hash table entries: 8192 (order: 5, 131072 bytes)
[    5.042223] TCP: Hash tables configured (established 8192 bind 8192)
[    5.233884] UDP hash table entries: 512 (order: 2, 16384 bytes)
[    5.409788] UDP-Lite hash table entries: 512 (order: 2, 16384 bytes)
[    5.592864] NET: Registered protocol family 1
[    5.720997] pci 0000:00:00.0: Limiting direct PCI/PCI transfers
[    5.899395] pci 0000:00:01.0: Activating ISA DMA hang workarounds
[    5.981906] Unpacking initramfs...
[    7.186419] Freeing initrd memory: 10792K
[    7.303033] platform rtc_cmos: registered platform RTC device (no PNP device found)
[    7.531641] Scanning for low memory corruption every 60 seconds
[    7.670105] audit: initializing netlink subsys (disabled)
[    7.829630] audit: type=2000 audit(1515745218.866:1): initialized
[    8.007963] Initialise system trusted keyring
[    8.135091] HugeTLB registered 2 MB page size, pre-allocated 0 pages
[    8.326336] tsc: Refined TSC clocksource calibration: 4009.260 MHz
[    8.508537] clocksource: tsc: mask: 0xffffffffffffffff max_cycles: 0x39ca8830e03, max_idle_ns: 440795387657 ns
ÿ[    8.513409] zbud: loaded
[    8.513537] VFS: Disk quotas dquot_6.6.0
[    8.513557] VFS: Dquot-cache hash table entries: 512 (order 0, 4096 bytes)
[    8.513735] squashfs: version 4.0 (2009/01/31) Phillip Lougher
[    8.513880] fuse init (API version 7.23)
[    8.513956] Key type big_key registered
[    8.513973] Allocating IMA MOK and blacklist keyrings.
[    8.514113] Key type asymmetric registered
[    8.514117] Asymmetric key parser 'x509' registered
[    8.514140] Block layer SCSI generic (bsg) driver version 0.4 loaded (major 249)
[    8.514158] io scheduler noop registered
[    8.514159] io scheduler deadline registered (default)
[    8.514176] io scheduler cfq registered
[    8.514236] pci_hotplug: PCI Hot Plug PCI Core version: 0.5
[    8.514239] pciehp: PCI Express Hot Plug Controller Driver version: 0.4
[    8.514323] ACPI: AC Adapter [AC] (on-line)
[    8.514358] input: Power Button as /devices/LNXSYSTM:00/LNXPWRBN:00/input/input0
[    8.514359] ACPI: Power Button [PWRF]
[    8.514398] input: Sleep Button as /devices/LNXSYSTM:00/LNXSLPBN:00/input/input1
[    8.514399] ACPI: Sleep Button [SLPF]
[    8.514484] GHES: HEST is not enabled!
[    8.514542] Serial: 8250/16550 driver, 32 ports, IRQ sharing enabled
[    8.784707] 00:02: ttyS0 at I/O 0x3f8 (irq = 4, base_baud = 115200) is a 16550A
[    8.860507] Linux agpgart interface v0.103
[    9.009332] loop: module loaded
[    9.009680] scsi host0: ata_piix
[    9.009715] scsi host1: ata_piix
[    9.009735] ata1: PATA max UDMA/33 cmd 0x1f0 ctl 0x3f6 bmdma 0xd000 irq 14
[    9.009735] ata2: PATA max UDMA/33 cmd 0x170 ctl 0x376 bmdma 0xd008 irq 15
[    9.009785] libphy: Fixed MDIO Bus: probed
[    9.009787] tun: Universal TUN/TAP device driver, 1.6
[    9.009787] tun: (C) 1999-2004 Max Krasnyansky <maxk@qualcomm.com>
[    9.009974] PPP generic driver version 2.4.2
[    9.010007] ehci_hcd: USB 2.0 'Enhanced' Host Controller (EHCI) Driver
[    9.010009] ehci-pci: EHCI PCI platform driver
[    9.010018] ehci-platform: EHCI generic platform driver
[    9.010023] ohci_hcd: USB 1.1 'Open' Host Controller (OHCI) Driver
[    9.010025] ohci-pci: OHCI PCI platform driver
[    9.010029] ohci-platform: OHCI generic platform driver
[    9.010033] uhci_hcd: USB Universal Host Controller Interface driver
[    9.010066] i8042: PNP: PS/2 Controller [PNP0303:PS2K,PNP0f03:PS2M] at 0x60,0x64 irq 1,12
[    9.211774] serio: i8042 KBD port at 0x60,0x64 irq 1
[    9.211778] serio: i8042 AUX port at 0x60,0x64 irq 12
[    9.211861] mousedev: PS/2 mouse device common for all mice
[    9.212049] rtc_cmos rtc_cmos: rtc core: registered rtc_cmos as rtc0
[    9.212086] rtc_cmos rtc_cmos: alarms up to one day, 114 bytes nvram
[    9.212090] i2c /dev entries driver
[    9.212127] device-mapper: uevent: version 1.0.3
[    9.212161] device-mapper: ioctl: 4.34.0-ioctl (2015-10-28) initialised: dm-devel@redhat.com
[    9.212173] ledtrig-cpu: registered to indicate activity on CPUs
[    9.212343] NET: Registered protocol family 10
[    9.212443] NET: Registered protocol family 17
[    9.212451] Key type dns_resolver registered
[    9.430890] microcode: CPU0 sig=0x506e3, pf=0x2, revision=0x0
[    9.430956] microcode: CPU1 sig=0x506e3, pf=0x2, revision=0x0
[    9.430984] microcode: Microcode Update Driver: v2.01 <tigran@aivazian.fsnet.co.uk>, Peter Oruba
[    9.431068] registered taskstats version 1
[    9.431081] Loading compiled-in X.509 certificates
[    9.431527] Loaded X.509 cert 'Build time autogenerated kernel key: fec84e59a8b0477ba59f2d0e03420fb832dd4dcb'
[    9.431539] zswap: loaded using pool lzo/zbud
[    9.432740] Key type trusted registered
[    9.434745] Key type encrypted registered
[    9.434749] AppArmor: AppArmor sha1 policy hashing enabled
[    9.434751] ima: No TPM chip found, activating TPM-bypass!
[    9.434764] evm: HMAC attrs: 0x1
[    9.434904]   Magic number: 2:986:320
[    9.434907] misc microcode: hash matches
[    9.434908] platform microcode: hash matches
[    9.434919] tty tty45: hash matches
[    9.577867] rtc_cmos rtc_cmos: setting system clock to 2018-01-12 08:20:20 UTC (1515745220)
[    9.577944] BIOS EDD facility v0.16 2004-Jun-25, 0 devices found
[    9.577944] EDD information not available.
[   10.244428] atkbd serio0: Failed to enable keyboard on isa0060/serio0
[   10.244475] input: AT Translated Set 2 keyboard as /devices/platform/i8042/serio0/input/input2
[   10.266750] atkbd serio0: Spurious ACK on isa0060/serio0. Some program might be trying to access hardware directly.
[   12.330430] Freeing unused kernel memory: 1508K
[   12.331032] Write protecting the kernel read-only data: 14336k
[   12.332093] Freeing unused kernel memory: 1744K
[   12.339111] Freeing unused kernel memory: 108K
Loading, please wait...
starting version[   12.375901] random: systemd-udevd: uninitialized urandom read (16 bytes read, 7 bits of entropy available)
 229
[   12.376363] random: udevadm: uninitialized urandom read (16 bytes read, 7 bits of entropy available)
[   12.376382] random: udevadm: uninitialized urandom read (16 bytes read, 7 bits of entropy available)
[   12.384348] random: udevadm: uninitialized urandom read (16 bytes read, 7 bits of entropy available)
[   12.384382] random: udevadm: uninitialized urandom read (16 bytes read, 7 bits of entropy available)
[   12.384520] random: udevadm: uninitialized urandom read (16 bytes read, 7 bits of entropy available)
[   12.384567] random: udevadm: uninitialized urandom read (16 bytes read, 7 bits of entropy available)
[   12.384612] random: udevadm: uninitialized urandom read (16 bytes read, 7 bits of entropy available)
[   12.384673] random: udevadm: uninitialized urandom read (16 bytes read, 7 bits of entropy available)
[   12.384723] random: udevadm: uninitialized urandom read (16 bytes read, 7 bits of entropy available)
[   12.867271] e1000: Intel(R) PRO/1000 Network Driver - version 7.3.21-k8-NAPI
[   13.130040] e1000: Copyright (c) 1999-2006 Intel Corporation.
[   13.130091] Fusion MPT base driver 3.04.20
[   13.130091] Copyright (c) 1999-2008 LSI Corporation
[   13.685962] Fusion MPT SPI Host driver 3.04.20
[   13.856814] AVX version of gcm_enc/dec engaged.
[   13.871268] AES CTR mode by8 optimization enabled
[   13.882091] input: ImExPS/2 Generic Explorer Mouse as /devices/platform/i8042/serio1/input/input4
[   14.171038] e1000 0000:00:03.0 eth0: (PCI:33MHz:32-bit) 02:61:3d:0b:d5:56
[   14.376075] e1000 0000:00:03.0 eth0: Intel(R) PRO/1000 Network Connection
[   14.581552] mptbase: ioc0: Initiating bringup
[   14.582005] e1000 0000:00:03.0 enp0s3: renamed from eth0
[   14.928620] ioc0: LSI53C1030 A0: Capabilities={Initiator}
[   15.241215] scsi host2: ioc0: LSI53C1030 A0, FwRev=00000000h, Ports=1, MaxQ=256, IRQ=20
[   15.557833] scsi 2:0:0:0: Direct-Access     VBOX     HARDDISK         1.0  PQ: 0 ANSI: 5
[   15.670635] scsi target2:0:0: Beginning Domain Validation
[   15.672354] scsi target2:0:0: Domain Validation skipping write tests
[   15.673150] scsi target2:0:0: Ending Domain Validation
[   15.673843] scsi target2:0:0: asynchronous
[   15.674776] scsi 2:0:1:0: Direct-Access     VBOX     HARDDISK         1.0  PQ: 0 ANSI: 5
[   15.677810] scsi target2:0:1: Beginning Domain Validation
[   15.679297] scsi target2:0:1: Domain Validation skipping write tests
[   15.680075] scsi target2:0:1: Ending Domain Validation
[   15.680851] scsi target2:0:1: asynchronous
[   15.684555] sd 2:0:0:0: [sda] 20971520 512-byte logical blocks: (10.7 GB/10.0 GiB)
[   15.686842] sd 2:0:0:0: Attached scsi generic sg0 type 0
[   15.689501] sd 2:0:0:0: [sda] Write Protect is off
[   15.690389] sd 2:0:0:0: [sda] Incomplete mode parameter data
[   15.691102] sd 2:0:0:0: [sda] Assuming drive cache: write through
[   15.692013] sd 2:0:1:0: Attached scsi generic sg1 type 0
[   15.692149] sd 2:0:1:0: [sdb] 20480 512-byte logical blocks: (10.5 MB/10.0 MiB)
[   15.692369] sd 2:0:1:0: [sdb] Write Protect is off
[   15.692420] sd 2:0:1:0: [sdb] Incomplete mode parameter data
[   15.692421] sd 2:0:1:0: [sdb] Assuming drive cache: write through
[   15.697471]  sda: sda1
[   15.698008] sd 2:0:0:0: [sda] Attached SCSI disk
[   15.698380] sd 2:0:1:0: [sdb] Attached SCSI disk
[   15.881029] floppy0: no floppy controllers found
Begin: Loading e[   17.214027] md: linear personality registered for level -1
ssential drivers[   17.381563] md: multipath personality registered for level -4
 ... [   17.567757] md: raid0 personality registered for level 0
[   17.779302] md: raid1 personality registered for level 1
[   18.008801] raid6: sse2x1   gen() 11369 MB/s
[   18.124796] raid6: sse2x1   xor()  7086 MB/s
[   18.348805] raid6: sse2x2   gen() 13608 MB/s
[   18.573294] raid6: sse2x2   xor()  9436 MB/s
[   18.796810] raid6: sse2x4   gen() 15609 MB/s
[   19.020815] raid6: sse2x4   xor()  9983 MB/s
[   19.094281] raid6: using algorithm sse2x4 gen() 15609 MB/s
[   19.095011] raid6: .... xor() 9983 MB/s, rmw enabled
[   19.098376] raid6: using ssse3x2 recovery algorithm
[   19.100071] xor: automatically using best checksumming function:
[   19.144459]    avx       : 23977.000 MB/sec
[   19.271181] async_tx: api initialized (async)
[   19.334968] md: raid6 personality registered for level 6
[   19.500972] md: raid5 personality registered for level 5
[   19.700974] md: raid4 personality registered for level 4
[   19.905496] md: raid10 personality registered for level 10
done.
Begin: Running[   20.089368] Btrfs loaded
 /scripts/init-premount ... done.
Begin: Mounting root file system ... Begin: Running /scripts/local-top ... done.
Begin: Running /scripts/local-premount ... Scanning for Btrfs filesystems
done.
Warning: fsck no[   20.142772] EXT4-fs (sda1): mounted filesystem with ordered data mode. Opts: (null)
t present, so skipping root file system
done.
Begin: Running /scripts/local-bottom ... done.
Begin: Running /scripts/init-bottom ... done.
[   20.427790] systemd[1]: systemd 229 running in system mode. (+PAM +AUDIT +SELINUX +IMA +APPARMOR +SMACK +SYSVINIT +UTMP +LIBCRYPTSETUP +GCRYPT +GNUTLS +ACL +XZ -LZ4 +SECCOMP +BLKID +ELFUTILS +KMOD -IDN)
[   20.930420] systemd[1]: Detected virtualization oracle.
[   21.083830] systemd[1]: Detected architecture x86-64.

Welcome to [1mUbuntu 16.04.3 LTS[0m!

[   21.216830] systemd[1]: Set hostname to <ubuntu>.
[   21.218702] systemd[1]: Initializing machine ID from random generator.
[   21.219439] systemd[1]: Installed transient /etc/machine-id file.
[   21.370488] systemd[1]: Created slice System Slice.
[[0;32m  OK  [0m] Created slice System Slice.
[   21.544908] systemd[1]: Started Forward Password Requests to Wall Directory Watch.
[[0;32m  OK  [0m] Started Forward Password Requests to Wall Directory Watch.
[   21.840767] systemd[1]: Listening on /dev/initctl Compatibility Named Pipe.
[[0;32m  OK  [0m] Listening on /dev/initctl Compatibility Named Pipe.
[   22.029359] systemd[1]: Listening on Journal Socket.
[[0;32m  OK  [0m] Listening on Journal Socket.
[   22.044538] systemd[1]: Mounting Debug File System...
         Mounting Debug File System...
[   22.047325] systemd[1]: Mounting POSIX Message Queue File System...
         Mounting POSIX Message Queue File System...
[   22.048736] systemd[1]: Listening on Device-mapper event daemon FIFOs.
[[0;32m  OK  [0m] Listening on Device-mapper event daemon FIFOs.
[   22.212801] systemd[1]: Starting Remount Root and Kernel File Systems...
[   22.378259] random: nonblocking pool is initialized
         Startin[   22.555333] EXT4-fs (sda1): re-mounted. Opts: (null)
g Remount Root and Kernel File Systems...
[   22.789039] systemd[1]: Starting Uncomplicated firewall...
         Starting Uncomplicated firewall...
[   23.036637] systemd[1]: Starting Create list of required static device nodes for the current kernel...
         Starting Create list of required st... nodes for the current kernel...
[   23.266456] systemd[1]: Set up automount Arbitrary Executable File Formats File System Automount Point.
[[0;32m  OK  [0m] Set up automount Arbitrary Executab...ats File System Automount Point.
[   23.268812] systemd[1]: Listening on Journal Audit Socket.
[[0;32m  OK  [0m] Listening on Journal Audit Socket.
[   23.285217] systemd[1]: Listening on LVM2 metadata daemon socket.
[[0;32m  OK  [0m] Listening on LVM2 metadata daemon socket.
[   23.287196] systemd[1]: Starting Monitoring of LVM2 mirrors, snapshots etc. using dmeventd or progress polling...
         Starting Monitoring of LVM2 mirrors... dmeventd or progress polling...
[   23.293831] systemd[1]: Listening on Syslog Socket.
[[0;32m  OK  [0m] Listening on Syslog Socket.
[   23.339874] systemd[1]: Reached target Swap.
[[0;32m  OK  [0m] Reached target Swap.
[   23.516628] systemd[1]: Listening on udev Control Socket.
[[0;32m  OK  [0m] Listening on udev Control Socket.
[   23.760884] systemd[1]: Created slice system-serial\x2dgetty.slice.
[[0;32m  OK  [0m] Created slice system-serial\x2dgetty.slice.
[   24.047739] systemd[1]: Reached target User and Group Name Lookups.
[[0;32m  OK  [0m] Reached target User and Group Name Lookups.
[   24.332504] systemd[1]: Mounting Huge Pages File System...
         Mounting Huge Pages File System...
[   24.337310] systemd[1]: Listening on LVM2 poll daemon socket.
[[0;32m  OK  [0m] Listening on LVM2 poll daemon socket.
[   24.341219] systemd[1]: Reached target Encrypted Volumes.
[[0;32m  OK  [0m] Reached target Encrypted Volumes.
[   24.343572] systemd[1]: Listening on udev Kernel Socket.
[[0;32m  OK  [0m] Listening on udev Kernel Socket.
[   24.346383] systemd[1]: Starting Set console keymap...
         Starting Set console keymap...
[   24.355011] systemd[1]: Started Trigger resolvconf update for networkd DNS.
[[0;32m  OK  [0m] Started Trigger resolvconf update for networkd DNS.
[   24.360245] systemd[1]: Starting Load Kernel Modules...
         Starting Load Kernel Modules...
[   24.365319] systemd[1]: Listening on Journal Socket (/dev/log).
[[0;32m  OK  [0m] Listening on[   24.370586] Loading iSCSI transport class v2.0-870.
 Journal Socket (/dev/log).
[   24.382080] systemd[1]: Starting Journal Service...
         Starting Journal Service...
[   24.386097] systemd[1]: Starting Nameserver information manager...
         Starting Nameserver information manager...
[   24.389361] systemd[1]: Created slice User and Session Slice.
[[0;32m  OK  [[   24.486872] iscsi: registered transport (tcp)
0m] Created slice User and Sessi[   24.652975] iscsi: registered transport (iser)
on Slice.
[   24.695393] systemd[1]: Reached target Slices.
[[0;32m  OK  [0m] Reached target Slices.
[   24.713272] systemd[1]: Mounted Huge Pages File System.
[[0;32m  OK  [0m] Mounted Huge Pages File System.
[   24.916659] systemd[1]: Mounted POSIX Message Queue File System.
[[0;32m  OK  [0m] Mounted POSIX Message Queue File System.
[   25.123926] systemd[1]: Mounted Debug File System.
[[0;32m  OK  [0m] Mounted Debug File System.
[   25.125394] systemd[1]: Started Journal Service.
[[0;32m  OK  [0m] Started Journal Service.
[[0;32m  OK  [0m] Started Remount Root and Kernel File Systems.
[[0;32m  OK  [0m] Started Uncomplicated firewall.
[[0;32m  OK  [0m] Started Create list of required sta...ce nodes for the current kernel.
[[0;32m  OK  [0m] Started Set console keymap.
[[0;32m  OK  [0m] Started Load Kernel Modules.
[[0;32m  OK  [0m] Started Nameserver information manager.
[[0;32m  OK  [0m] Started LVM2 metadata daemon.
         Mounting FUSE Control File System...
         Starting Apply Kernel Variables...
         Starting Create Static Device Nodes in /dev...
         Starting udev Coldplug all Devices...
         Starting Initial cloud-init job (pre-networking)...
         Starting Load/Save Random Seed...
         Starting Flush Journal to Persistent Storage...
[[0;32m  OK  [0m] Mounted FUSE Control File System.
[[0;32m  OK  [0m] Started Apply Kernel Variables.
[[0;32m  OK  [0m] Started Create Static Device Nodes in /dev.
[[0;32m  OK  [0m] Started Load/Save Random Seed.
[[0;32m  OK  [0m] Started Flush Journal to Persistent Storage.
         Starting udev Kernel Device Manager...
[[0;32m  OK  [0m] Started udev Coldplug all Devices.
[[0;32m  OK  [0m] Started udev Kernel Device Manager.
[[0;32m  OK  [0m] Started Dispatch Password Requests to Console Directory Watch.
[[0;32m  OK  [0m] Found device /dev/ttyS0.
[[0;32m  OK  [0m] Started Monitoring of LVM2 mirrors,...ng dmeventd or progress polling.
[[0;32m  OK  [0m] Reached target Local File Systems (Pre).
[[0;32m  OK  [0m] Reached target Local File Systems.
         Starting Commit a transient machine-id on disk...
         Starting Set console font and keymap...
         Starting Create Volatile Files and Directories...
         Starting Tell Plymouth To Write Out Runtime Data...
         Starting LSB: AppArmor initialization...
[   21.897249] cloud-init[449]: Cloud-init v. 17.1 running 'init-local' at Fri, 12 Jan 2018 08:20:36 +0000. Up 21.69 seconds.
[[0;32m  OK  [0m] Started Commit a transient machine-id on disk.
[[0;32m  OK  [0m] Started Create Volatile Files and Directories.
[[0;32m  OK  [0m] Started Set console font and keymap.
[[0;32m  OK  [0m] Started Tell Plymouth To Write Out Runtime Data.
[[0;32m  OK  [0m] Started Initial cloud-init job (pre-networking).
[[0;32m  OK  [0m] Listening on Load/Save RF Kill Switch Status /dev/rfkill Watch.
[[0;32m  OK  [0m] Reached target Network (Pre).
[[0;32m  OK  [0m] Created slice system-getty.slice.
[[0;32m  OK  [0m] Reached target System Time Synchronized.
         Starting Update UTMP about System Boot/Shutdown...
[[0;32m  OK  [0m] Started Update UTMP about System Boot/Shutdown.
[[0;32m  OK  [0m] Started LSB: AppArmor initialization.
         Starting Raise network interfaces...
[[0;32m  OK  [0m] Started Raise network interfaces.
[[0;32m  OK  [0m] Reached target Network.
         Starting Initial cloud-init job (metadata service crawler)...
[   25.463265] cloud-init[930]: Cloud-init v. 17.1 running 'init' at Fri, 12 Jan 2018 08:20:40 +0000. Up 25.02 seconds.
[   25.543205] cloud-init[930]: ci-info: +++++++++++++++++++++++++++++++++++++Net device info++++++++++++++++++++++++++++++++++++++
[   25.543394] cloud-init[930]: ci-info: +--------+------+----------------------------+---------------+-------+-------------------+
[   25.543512] cloud-init[930]: ci-info: | Device |  Up  |          Address           |      Mask     | Scope |     Hw-Address    |
[   25.543661] cloud-init[930]: ci-info: +--------+------+----------------------------+---------------+-------+-------------------+
[[0;32m  OK  [0m] Started Initial cloud-init job (metadata service crawler).
[   25.543777] cloud-init[930]: ci-info: | enp0s3 | True |         10.0.2.15          | 255.255.255.0 |   .   | 02:61:3d:0b:d5:56 |
[   25.664229] cloud-init[930]: ci-info: | enp0s3 | True | fe80::61:3dff:fe0b:d556/64 |       .       |  link | 02:61:3d:0b:d5:56 |
[   25.664380] cloud-init[930]: ci-info: |   lo   | True |         127.0.0.1          |   255.0.0.0   |   .   |         .         |
[[0;32m  OK  [0m] Reached target Cloud-config availability.
[   25.664444] cloud-init[930]: ci-info: |   lo   | True |          ::1/128           |       .       |  host |         .         |
[   25.809752] cloud-init[930]: ci-info: +--------+------+----------------------------+---------------+-------+-------------------+
[[0;32m  OK  [0m] Reached target System Initialization.
[[   25.810051] cloud-init[930]: ci-info: +++++++++++++++++++++++++++Route IPv4 info++++++++++++++++++++++++++++
[   25.982093] cloud-init[930]: ci-info: +-------+-------------+----------+---------------+-----------+-------+
[0;32m  OK  [0m] Started Timer to automatically refresh installed snaps.
[   25.982350] cloud-init[930]: ci-info: | Route | Destination | Gateway  |    Genmask    | Interface | Flags |
[   26.125781] cloud-init[930]: ci-info: +-------+-------------+----------+---------------+-----------+-------+
[[0;32m  OK  [0m] Started Daily Cleanup of Temporary Directories.
[   26.126039] cloud-init[930]: ci-info: |   0   |   0.0.0.0   | 10.0.2.2 |    0.0.0.0    |   enp0s3  |   UG  |
[   26.177742] cloud-init[930]: ci-info: |   1   |   10.0.2.0  | 0.0.0.0  | 255.255.255.0 |   enp0s3  |   U   |
[[0;32m  OK  [0m] Listening on D-Bus System Message Bus Socket.
[   26.178026] cloud-init[930]: ci-info: +-------+-------------+----------+---------------+-----------+-------+
[   26.333876] cloud-init[930]: Generating public/private rsa key pair.
[[0;32m  OK  [0m] Listening on ACPID Listen Socket.
[[   26.334175] cloud-init[930]: Your identification has been saved in /etc/ssh/ssh_host_rsa_key.
[0;32m  OK  [0m] Listening on UUID daemon activation socket.
[   26.466245] cloud-init[930]: Your public key has been saved in /etc/ssh/ssh_host_rsa_key.pub.
[   26.600909] cloud-init[930]: The key fingerprint is:
[   26.601842] cloud-init[930]: SHA256:XHRzET/oaIIHaIljxhSoAysQz7+09mhlLta40I9SyPk root@ubuntu-xenial
[[0;32m  OK  [0m] Started ACPI Events Check.
[[   26.602165] cloud-init[930]: The key's randomart image is:
[   26.660311] cloud-init[930]: +---[RSA 2048]----+
[   26.661070] cloud-init[930]: |...o.     . o +o |
[0;32m  OK  [0m] Reached target Paths.
[   26.662029] cloud-init[930]: |o+o . o  . . o.. |
         Starting LXD - unix socket.
         Starting Socket activation for snappy daemon.
[   26.672743] cloud-init[930]: |+.o* + .  .  . ..|
[[0;32m  OK  [0m] Reached target Network is Online.
[   26.675273] cloud-init[930]: |= o.o  .o.  o   .|
[   26.729912] cloud-init[930]: |.o oo  .So o .   |
[[0;32m  OK  [0m] Started Daily apt download activities.
[   26.730017] cloud-init[930]: |  +o.oo . o      |
[   26.732623] cloud-init[930]: |  .o=*           |
[   26.732846] cloud-init[930]: |  .oE=o          |
[   26.733091] cloud-init[930]: |   ++oo          |
[[0;32m  OK  [0m] Started Daily apt upgrade and clean activities.
[   26.733220] cloud-init[930]: +----[SHA256]-----+
[   26.742749] cloud-init[930]: Generating public/private dsa key pair.
[[0;32m  OK  [0m] Reached target Timers.
[   26.742845] cloud-init[930]: Your identification has been saved in /etc/ssh/ssh_host_dsa_key.
[   26.746732] cloud-init[930]: Your public key has been saved in /etc/ssh/ssh_host_dsa_key.pub.
[   26.747664] cloud-init[930]: The key fingerprint is:
[   26.748633] cloud-init[930]: SHA256:JH/uizPbZFoLwa0M+nI9QzA5RD4z2kJx5rjMsvO8fl0 root@ubuntu-xenial
[   26.812468] cloud-init[930]: The key's randomart image is:
[   26.813107] cloud-init[930]: +---[DSA 1024]----+
         Starting iSCSI initiator daemon (iscsid)...
[   26.813322] cloud-init[930]: |    ..+          |
[   26.880765] cloud-init[930]: |     B.          |
[   26.881628] cloud-init[930]: |    o.B..        |
[[0;32m  OK  [0m] Listening on LXD - unix socket.
[   26.882208] cloud-init[930]: |   + +=O .       |
[   26.899437] cloud-init[930]: |  . * o+S o      |
[[0;32m  OK  [0m] Listening on Socket activation for snappy daemon.
[   26.900458] cloud-init[930]: |   o o o.=E      |
[   26.927165] cloud-init[930]: |  o .  ++.=      |
[   26.929849] cloud-init[930]: |   +..o BX .     |
[   26.940803] cloud-init[930]: |   .==. +*=.     |
[   26.953767] cloud-init[930]: +----[SHA256]-----+
[   26.954347] cloud-init[930]: Generating public/private ecdsa key pair.
[   26.954862] cloud-init[930]: Your identification has been saved in /etc/ssh/ssh_host_ecdsa_key.
[   26.955153] cloud-init[930]: Your public key has been saved in /etc/ssh/ssh_host_ecdsa_key.pub.
[   26.955592] cloud-init[930]: The key fingerprint is:
[[0;32m  OK  [0m] Started iSCSI initiator daemon (iscsid).
[   26.955866] cloud-init[930]: SHA256:sQPZ6inFCkRbl/5ZPnNjpgrAjdiJFbRH7n2RGiNE9no root@ubuntu-xenial
[   27.224778] cloud-init[930]: The key's randomart image is:
[   27.225610] cloud-init[930]: +---[ECDSA 256]---+
         Starting Login to default iSCSI targets...
[   27.225996] cloud-init[930]: |  ..+.*.         |
[   27.313632] cloud-init[930]: | . o O.+   .     |
[[0;32m  OK  [0m] Reached target Sockets.
[   27.313986] cloud-init[930]: |  o o.* * o      |
[   27.393767] cloud-init[930]: | . * B.* *..     |
[[0;32m  OK  [0m] Reached target Basic System.
[   27.394180] cloud-init[930]: |  + * B.E+.      |
[   27.406866] cloud-init[930]: |   . = ooo+ =    |
[   27.421289] cloud-init[930]: |    o +    B .   |
[   27.449170] [cloud-init[0;32m  OK  [0m[930]: ] |     . .  .      |Started D-Bus System Message Bus.

[   27.508808] cloud-init[930]: |        ..       |
[   27.509835] cloud-init[930]: +----[SHA256]-----+
         Starting System Logging Service...
[   27.510170] cloud-init[930]: Generating public/private ed25519 key pair.
[   27.636728] cloud-init[930]: Your identification has been saved in /etc/ssh/ssh_host_ed25519_key.
[   27.637634] cloud-init[930]: Your public key has been saved in /etc/ssh/ssh_host_ed25519_key.pub.
         Starting /etc/rc.local Compatibility...
[   27.638027] cloud-init[930]: The key fingerprint is:
[   27.794990] cloud-init[930]: SHA256:xpsbCuLaI56ZVCGBvwq/bjwiZt+lxO1cMb5Ai5x1xBc root@ubuntu-xenial
[   27.795896] cloud-init[930]: The key's randomart image is:
         Starting Pollinate to seed the pseudo random number generator...
[   27.796162] cloud-init[930]: +--[ED25519 256]--+
[   27.880219] cloud-init[930]: |..         E     |
[   27.880423] cloud-init[930]: |. .     .   .    |
         Starting Snappy daemon...
[   27.880536] cloud-init[930]: | o .     o .     |
[   27.899931] cloud-init[930]: |  o .  .. .      |
[   27.901692] cloud-init[930]: |   o   oS+       |
[   27.938626] cloud-init[930]: |. o o *.+oo      |
[   27.938829] cloud-init[930]: |.=. .* =+o       |
         Starting LSB: MD monitoring daemon...
[   27.938905] cloud-init[930]: |*=X.o.=.oo.      |
[   28.064769] cloud-init[930]: |*@*= o.o..       |
[   28.065560] cloud-init[930]: +----[SHA256]-----+
         Starting Apply the settings specified in cloud-config...
         Starting Login Service...
[[0;32m  OK  [0m] Started ACPI event daemon.
         Starting LXD - container startup/shutdown...
[[0;32m  OK  [0m] Started Regular background program processing daemon.
[[0;32m  OK  [0m] Started Deferred execution scheduler.
[[0;32m  OK  [0m] Started Unattended Upgrades Shutdown.
[[0;32m  OK  [0m] Started FUSE filesystem for LXC.
         Starting LSB: Record successful boot for GRUB...
         Starting Accounts Service...
[[0;32m  OK  [0m] Started System Logging Service.
[[0;32m  OK  [0m] Started Snappy daemon.
[[0;32m  OK  [0m] Started /etc/rc.local Compatibility.
[[0;32m  OK  [0m] Started LXD - container startup/shutdown.
[   28.369618] cloud-init[1099]: Generating locales (this might take a while)...
[[0;32m  OK  [0m] Started Login to default iSCSI targets.
[[0;32m  OK  [0m] Started LSB: MD monitoring daemon.
[[0;32m  OK  [0m] Started LSB: Record successful boot for GRUB.
[[0;32m  OK  [0m] Started Login Service.
         Starting Authenticate and Authorize Users to Run Privileged Tasks...
[[0;32m  OK  [0m] Reached target Remote File Systems (Pre).
[[0;32m  OK  [0m] Reached target Remote File Systems.
         Starting LSB: Set the CPU Frequency Scaling governor to "ondemand"...
         Starting LSB: VirtualBox Linux Additions...
         Starting LSB: daemon to balance interrupts for SMP systems...
         Starting LSB: automatic crash report generation...
         Starting Permit User Sessions...
[[0;32m  OK  [0m] Started Pollinate to seed the pseudo random number generator.
[[0;32m  OK  [0m] Started Permit User Sessions.
[[0;32m  OK  [0m] Started Authenticate and Authorize Users to Run Privileged Tasks.
[[0;32m  OK  [0m] Started Accounts Service.
         Starting Hold until boot process finishes up...
         Starting Terminate Plymouth Boot Screen...
         Starting OpenBSD Secure Shell server...
[[0;32m  OK  [0m] Started LSB: Set the CPU Frequency Scaling governor to "ondemand".
[[0;32m  OK  [0m] Started LSB: daemon to balance interrupts for SMP systems.
[[0;32m  OK  [0m] Started LSB: automatic crash report generation.
[[0;32m  OK  [0m] Started Hold until boot process finishes up.
[[0;32m  OK  [0m] Started Terminate Plymouth Boot Screen.
[[0;32m  OK  [0m] Started OpenBSD Secure Shell server.
[[0;32m  OK  [0m] Started Serial Getty on ttyS0.
[[0;32m  OK  [0m] Started Getty on tty1.
[[0;32m  OK  [0m] Reached target Login Prompts.
         Starting Set console scheme...
[[0;32m  OK  [0m] Started LSB: VirtualBox Linux Additions.
[[0;32m  OK  [0m] Started Set console scheme.
[[0;32m  OK  [0m] Reached target Multi-User System.
[[0;32m  OK  [0m] Reached target Graphical Interface.
         Starting Update UTMP about System Runlevel Changes...
[[0;32m  OK  [0m] Started Update UTMP about System Runlevel Changes.
[   28.930523] cloud-init[1099]:   en_US.UTF-8... done
[   28.976310] cloud-init[1099]: Generation complete.
         Stopping OpenBSD Secure Shell server...
[[0;32m  OK  [0m] Stopped OpenBSD Secure Shell server.
         Starting OpenBSD Secure Shell server...
[[0;32m  OK  [0m] Started OpenBSD Secure Shell server.
[   29.368588] cloud-init[1099]: Cloud-init v. 17.1 running 'modules:config' at Fri, 12 Jan 2018 08:20:43 +0000. Up 28.27 seconds.
[[0;32m  OK  [0m] Started Apply the settings specified in cloud-config.
         Starting Execute cloud user/final scripts...
ci-info: no authorized ssh keys fingerprints found for user ubuntu.
<14>Jan 12 08:20:44 ec2: 
<14>Jan 12 08:20:44 ec2: #############################################################
<14>Jan 12 08:20:44 ec2: -----BEGIN SSH HOST KEY FINGERPRINTS-----
<14>Jan 12 08:20:44 ec2: 1024 SHA256:JH/uizPbZFoLwa0M+nI9QzA5RD4z2kJx5rjMsvO8fl0 root@ubuntu-xenial (DSA)
<14>Jan 12 08:20:44 ec2: 256 SHA256:sQPZ6inFCkRbl/5ZPnNjpgrAjdiJFbRH7n2RGiNE9no root@ubuntu-xenial (ECDSA)
<14>Jan 12 08:20:44 ec2: 256 SHA256:xpsbCuLaI56ZVCGBvwq/bjwiZt+lxO1cMb5Ai5x1xBc root@ubuntu-xenial (ED25519)
<14>Jan 12 08:20:44 ec2: 2048 SHA256:XHRzET/oaIIHaIljxhSoAysQz7+09mhlLta40I9SyPk root@ubuntu-xenial (RSA)
<14>Jan 12 08:20:44 ec2: -----END SSH HOST KEY FINGERPRINTS-----
<14>Jan 12 08:20:44 ec2: #############################################################
-----BEGIN SSH HOST KEY KEYS-----
ecdsa-sha2-nistp256 AAAAE2VjZHNhLXNoYTItbmlzdHAyNTYAAAAIbmlzdHAyNTYAAABBBGgn4k/33lB4bSQROYV0ILCdGC1Qp6dDrPQ3pzlAuw98cg1ooNVSp7BeQNT+mtdsnOAp9JdHw03zrvsBLQD7K/o= root@ubuntu-xenial
ssh-ed25519 AAAAC3NzaC1lZDI1NTE5AAAAIA1zwROmiGEicpkizkyzsjnGwbltK/U+bebADp14q46n root@ubuntu-xenial
ssh-rsa AAAAB3NzaC1yc2EAAAADAQABAAABAQC+fBqYs8uM2a67pXM0IIrkSsEDpmWxwPhIEP+9hNXfNEf8wlKhPMzdybpmQDwuvgDY16ysu0BNt7k9Jq3sNWjiAbW1Tgf0UD6YUsinb56eqmutSe0EqtgxsX4tN/i0GkSienPJmZg6E6/1QJMNdmIiv/PhqzFCv9fIaLJin7+uF1XULnx5jyFFAOXYVP8zFPCwldpOht1SHSeziFJArz53ZmIrfF+15ACPdt5UUzK2zzxfpXIwvHUlmah79iMoiDpfKJMcnOecZrsoTb6MYAMvGOX2FbJ4NwYbp9B4sFgCAto6yxroLiWiNJhEU48N7K4nW0JRTMjI85Qf2NuPId3H root@ubuntu-xenial
-----END SSH HOST KEY KEYS-----
[   29.754270] cloud-init[1300]: Cloud-init v. 17.1 running 'modules:final' at Fri, 12 Jan 2018 08:20:44 +0000. Up 29.62 seconds.
[   29.756956] cloud-init[1300]: ci-info: no authorized ssh keys fingerprints found for user ubuntu.
[   29.757919] cloud-init[1300]: Cloud-init v. 17.1 finished at Fri, 12 Jan 2018 08:20:44 +0000. Datasource DataSourceNoCloud [seed=/dev/sdb][dsmode=net].  Up 29.74 seconds
[[0;32m  OK  [0m] Started Execute cloud user/final scripts.
[[0;32m  OK  [0m] Reached target Cloud-init target.

Ubuntu 16.04.3 LTS ubuntu-xenial ttyS0

ubuntu-xenial login: 